SF:/Users/macuser/Dropbox/School/Weber St/CS 4790/assignment-05-atsweeney/BlabberApp.Domain/Entities/Blab.cs
FN:8,System.Guid BlabberApp.Domain.Entities.Blab::get_Id()
FNDA:8,System.Guid BlabberApp.Domain.Entities.Blab::get_Id()
DA:9,8
FN:10,System.DateTime BlabberApp.Domain.Entities.Blab::get_DTTM()
FNDA:7,System.DateTime BlabberApp.Domain.Entities.Blab::get_DTTM()
DA:11,7
FN:12,System.String BlabberApp.Domain.Entities.Blab::get_Message()
FNDA:7,System.String BlabberApp.Domain.Entities.Blab::get_Message()
DA:13,7
FN:14,BlabberApp.Domain.Entities.User BlabberApp.Domain.Entities.Blab::get_User()
FNDA:0,BlabberApp.Domain.Entities.User BlabberApp.Domain.Entities.Blab::get_User()
DA:15,0
FN:53,System.Boolean BlabberApp.Domain.Entities.Blab::IsValid()
FNDA:0,System.Boolean BlabberApp.Domain.Entities.Blab::IsValid()
DA:54,0
DA:55,0
DA:56,0
DA:57,0
DA:60,0
DA:61,0
DA:62,0
DA:65,0
DA:66,0
DA:67,0
DA:70,0
DA:71,0
DA:72,0
DA:75,0
DA:76,0
BRDA:55,11,0,0
BRDA:55,11,1,0
BRDA:60,40,0,0
BRDA:60,40,1,0
BRDA:65,70,0,0
BRDA:65,70,1,0
BRDA:70,100,0,0
BRDA:70,100,1,0
FN:18,System.Void BlabberApp.Domain.Entities.Blab::.ctor()
FNDA:5,System.Void BlabberApp.Domain.Entities.Blab::.ctor()
DA:19,5
DA:20,5
DA:21,5
DA:22,5
DA:23,5
DA:24,5
DA:25,5
FN:26,System.Void BlabberApp.Domain.Entities.Blab::.ctor(System.String)
FNDA:0,System.Void BlabberApp.Domain.Entities.Blab::.ctor(System.String)
DA:27,0
DA:28,0
DA:29,0
DA:30,0
DA:31,0
DA:32,0
DA:33,0
FN:34,System.Void BlabberApp.Domain.Entities.Blab::.ctor(BlabberApp.Domain.Entities.User)
FNDA:0,System.Void BlabberApp.Domain.Entities.Blab::.ctor(BlabberApp.Domain.Entities.User)
DA:35,0
DA:36,0
DA:37,0
DA:38,0
DA:39,0
DA:40,0
DA:41,0
FN:42,System.Void BlabberApp.Domain.Entities.Blab::.ctor(System.String,BlabberApp.Domain.Entities.User)
FNDA:0,System.Void BlabberApp.Domain.Entities.Blab::.ctor(System.String,BlabberApp.Domain.Entities.User)
DA:43,0
DA:44,0
DA:45,0
DA:46,0
DA:47,0
DA:48,0
DA:49,0
LF:47
LH:10
BRF:8
BRH:0
FNF:9
FNH:4
end_of_record
SF:/Users/macuser/Dropbox/School/Weber St/CS 4790/assignment-05-atsweeney/BlabberApp.Domain/Entities/User.cs
FN:8,System.Guid BlabberApp.Domain.Entities.User::get_Id()
FNDA:13,System.Guid BlabberApp.Domain.Entities.User::get_Id()
DA:9,13
FN:10,System.DateTime BlabberApp.Domain.Entities.User::get_RegisterDTTM()
FNDA:0,System.DateTime BlabberApp.Domain.Entities.User::get_RegisterDTTM()
DA:11,0
FN:12,System.DateTime BlabberApp.Domain.Entities.User::get_LastLoginDTTM()
FNDA:0,System.DateTime BlabberApp.Domain.Entities.User::get_LastLoginDTTM()
DA:13,0
FN:14,System.String BlabberApp.Domain.Entities.User::get_Email()
FNDA:2,System.String BlabberApp.Domain.Entities.User::get_Email()
DA:15,2
FN:32,System.Void BlabberApp.Domain.Entities.User::ChangeEmail(System.String)
FNDA:4,System.Void BlabberApp.Domain.Entities.User::ChangeEmail(System.String)
DA:33,4
DA:34,4
DA:35,0
DA:37,4
DA:38,4
DA:39,1
DA:40,3
DA:41,3
DA:42,3
DA:44,1
DA:45,1
BRDA:34,7,0,4
BRDA:34,7,1,0
BRDA:34,24,0,0
BRDA:34,24,1,4
FN:47,System.Boolean BlabberApp.Domain.Entities.User::IsValid()
FNDA:0,System.Boolean BlabberApp.Domain.Entities.User::IsValid()
DA:48,0
DA:49,0
DA:50,0
DA:51,0
DA:54,0
DA:55,0
DA:56,0
DA:59,0
DA:60,0
DA:61,0
DA:64,0
DA:65,0
DA:66,0
DA:69,0
DA:70,0
DA:71,0
DA:74,0
DA:75,0
BRDA:49,11,0,0
BRDA:49,11,1,0
BRDA:54,31,0,0
BRDA:54,31,1,0
BRDA:59,63,0,0
BRDA:59,63,1,0
BRDA:64,82,0,0
BRDA:64,82,1,0
BRDA:69,103,0,0
BRDA:69,103,1,0
FN:18,System.Void BlabberApp.Domain.Entities.User::.ctor()
FNDA:10,System.Void BlabberApp.Domain.Entities.User::.ctor()
DA:19,10
DA:20,10
DA:21,10
DA:22,10
FN:23,System.Void BlabberApp.Domain.Entities.User::.ctor(System.String)
FNDA:0,System.Void BlabberApp.Domain.Entities.User::.ctor(System.String)
DA:24,0
DA:25,0
DA:26,0
DA:27,0
DA:28,0
LF:42
LH:16
BRF:14
BRH:2
FNF:8
FNH:4
end_of_record