SF:/Users/macuser/Dropbox/School/Weber St/CS 4790/assignment-05-atsweeney/BlabberApp.DataStore/Plugins/InMemory.cs
FN:23,System.Void BlabberApp.DataStore.Plugins.InMemory::Create(BlabberApp.Domain.Interfaces.IEntity)
FNDA:8,System.Void BlabberApp.DataStore.Plugins.InMemory::Create(BlabberApp.Domain.Interfaces.IEntity)
DA:24,8
DA:25,8
DA:26,8
FN:28,System.Collections.IEnumerable BlabberApp.DataStore.Plugins.InMemory::ReadAll()
FNDA:1,System.Collections.IEnumerable BlabberApp.DataStore.Plugins.InMemory::ReadAll()
DA:29,1
DA:30,1
DA:31,1
FN:33,BlabberApp.Domain.Interfaces.IEntity BlabberApp.DataStore.Plugins.InMemory::ReadById(System.Guid)
FNDA:2,BlabberApp.Domain.Interfaces.IEntity BlabberApp.DataStore.Plugins.InMemory::ReadById(System.Guid)
DA:34,2
DA:35,8
DA:36,2
DA:37,4
DA:38,0
DA:39,0
DA:40,2
BRDA:35,57,1,2
BRDA:37,44,0,2
BRDA:37,44,1,0
BRDA:35,57,0,0
FN:42,System.Collections.IEnumerable BlabberApp.DataStore.Plugins.InMemory::ReadByUserId(System.String)
FNDA:1,System.Collections.IEnumerable BlabberApp.DataStore.Plugins.InMemory::ReadByUserId(System.String)
DA:43,1
DA:45,1
DA:46,1
FN:48,BlabberApp.Domain.Interfaces.IEntity BlabberApp.DataStore.Plugins.InMemory::ReadByUserEmail(System.String)
FNDA:6,BlabberApp.Domain.Interfaces.IEntity BlabberApp.DataStore.Plugins.InMemory::ReadByUserEmail(System.String)
DA:49,6
DA:50,30
DA:51,6
DA:52,6
DA:53,0
DA:54,0
DA:56,6
DA:57,6
DA:58,0
BRDA:50,57,1,6
BRDA:52,43,0,0
BRDA:52,43,1,6
BRDA:50,57,0,6
FN:60,System.Void BlabberApp.DataStore.Plugins.InMemory::Update(BlabberApp.Domain.Interfaces.IEntity)
FNDA:1,System.Void BlabberApp.DataStore.Plugins.InMemory::Update(BlabberApp.Domain.Interfaces.IEntity)
DA:61,1
DA:62,1
DA:63,1
DA:64,1
FN:66,System.Void BlabberApp.DataStore.Plugins.InMemory::Delete(BlabberApp.Domain.Interfaces.IEntity)
FNDA:1,System.Void BlabberApp.DataStore.Plugins.InMemory::Delete(BlabberApp.Domain.Interfaces.IEntity)
DA:67,1
DA:68,1
DA:69,1
FN:71,System.Void BlabberApp.DataStore.Plugins.InMemory::DeleteAll()
FNDA:0,System.Void BlabberApp.DataStore.Plugins.InMemory::DeleteAll()
DA:72,0
DA:73,0
DA:74,0
FN:15,System.Void BlabberApp.DataStore.Plugins.InMemory::.ctor()
FNDA:4,System.Void BlabberApp.DataStore.Plugins.InMemory::.ctor()
DA:16,4
DA:17,4
DA:18,4
DA:19,4
LF:39
LH:31
BRF:8
BRH:5
FNF:9
FNH:8
end_of_record
SF:/Users/macuser/Dropbox/School/Weber St/CS 4790/assignment-05-atsweeney/BlabberApp.DataStore/Plugins/MySqlBlab.cs
FN:33,System.Void BlabberApp.DataStore.Plugins.MySqlBlab::Close()
FNDA:0,System.Void BlabberApp.DataStore.Plugins.MySqlBlab::Close()
DA:34,0
DA:35,0
DA:36,0
FN:38,System.Void BlabberApp.DataStore.Plugins.MySqlBlab::Create(BlabberApp.Domain.Interfaces.IEntity)
FNDA:13,System.Void BlabberApp.DataStore.Plugins.MySqlBlab::Create(BlabberApp.Domain.Interfaces.IEntity)
DA:39,13
DA:40,13
DA:42,13
DA:43,13
DA:44,13
DA:45,13
DA:46,13
DA:47,13
DA:48,13
DA:49,13
DA:50,13
DA:51,13
DA:52,0
DA:53,0
DA:54,0
DA:56,13
FN:58,System.Collections.IEnumerable BlabberApp.DataStore.Plugins.MySqlBlab::ReadAll()
FNDA:2,System.Collections.IEnumerable BlabberApp.DataStore.Plugins.MySqlBlab::ReadAll()
DA:59,2
DA:61,2
DA:63,2
DA:64,2
DA:65,2
DA:66,2
DA:68,2
DA:70,2
DA:72,14
DA:73,4
DA:74,4
DA:75,4
DA:77,2
DA:79,0
DA:80,0
DA:81,0
DA:83,2
BRDA:72,115,1,4
BRDA:72,115,0,2
FN:85,BlabberApp.Domain.Interfaces.IEntity BlabberApp.DataStore.Plugins.MySqlBlab::ReadById(System.Guid)
FNDA:2,BlabberApp.Domain.Interfaces.IEntity BlabberApp.DataStore.Plugins.MySqlBlab::ReadById(System.Guid)
DA:86,2
DA:88,2
DA:89,2
DA:90,2
DA:91,2
DA:92,2
DA:94,2
DA:96,2
DA:97,2
DA:99,2
DA:100,2
DA:101,2
DA:103,2
DA:105,0
DA:106,0
DA:107,0
DA:109,2
FN:111,System.Collections.IEnumerable BlabberApp.DataStore.Plugins.MySqlBlab::ReadByUserId(System.String)
FNDA:2,System.Collections.IEnumerable BlabberApp.DataStore.Plugins.MySqlBlab::ReadByUserId(System.String)
DA:112,2
DA:114,2
DA:115,2
DA:116,2
DA:117,2
DA:118,2
DA:120,2
DA:122,2
DA:124,16
DA:125,5
DA:126,5
DA:127,5
DA:129,2
DA:131,0
DA:132,0
DA:133,0
DA:135,2
BRDA:124,131,1,5
BRDA:124,131,0,2
FN:137,System.Void BlabberApp.DataStore.Plugins.MySqlBlab::Update(BlabberApp.Domain.Interfaces.IEntity)
FNDA:1,System.Void BlabberApp.DataStore.Plugins.MySqlBlab::Update(BlabberApp.Domain.Interfaces.IEntity)
DA:138,1
DA:139,1
DA:141,1
DA:142,1
DA:143,1
FN:145,System.Void BlabberApp.DataStore.Plugins.MySqlBlab::Delete(BlabberApp.Domain.Interfaces.IEntity)
FNDA:2,System.Void BlabberApp.DataStore.Plugins.MySqlBlab::Delete(BlabberApp.Domain.Interfaces.IEntity)
DA:146,2
DA:147,2
DA:150,2
DA:151,2
DA:153,2
DA:154,2
DA:155,2
DA:156,0
DA:157,0
DA:158,0
DA:160,2
FN:162,System.Void BlabberApp.DataStore.Plugins.MySqlBlab::DeleteAll()
FNDA:14,System.Void BlabberApp.DataStore.Plugins.MySqlBlab::DeleteAll()
DA:163,14
DA:164,14
DA:165,14
DA:166,14
DA:167,14
FN:169,BlabberApp.Domain.Entities.Blab BlabberApp.DataStore.Plugins.MySqlBlab::DataRow2Blab(System.Data.DataRow)
FNDA:9,BlabberApp.Domain.Entities.Blab BlabberApp.DataStore.Plugins.MySqlBlab::DataRow2Blab(System.Data.DataRow)
DA:170,9
DA:171,9
DA:173,9
DA:175,9
DA:177,9
DA:178,9
DA:179,9
DA:181,9
DA:182,9
FN:17,System.Void BlabberApp.DataStore.Plugins.MySqlBlab::.ctor()
FNDA:7,System.Void BlabberApp.DataStore.Plugins.MySqlBlab::.ctor()
DA:18,7
DA:19,7
DA:20,7
DA:22,7
DA:23,7
DA:24,7
DA:25,0
DA:26,0
DA:27,0
DA:29,7
LF:110
LH:89
BRF:4
BRH:4
FNF:10
FNH:9
end_of_record
SF:/Users/macuser/Dropbox/School/Weber St/CS 4790/assignment-05-atsweeney/BlabberApp.DataStore/Plugins/MySqlUser.cs
FN:34,System.Void BlabberApp.DataStore.Plugins.MySqlUser::Close()
FNDA:0,System.Void BlabberApp.DataStore.Plugins.MySqlUser::Close()
DA:35,0
DA:36,0
DA:37,0
FN:39,System.Void BlabberApp.DataStore.Plugins.MySqlUser::Create(BlabberApp.Domain.Interfaces.IEntity)
FNDA:7,System.Void BlabberApp.DataStore.Plugins.MySqlUser::Create(BlabberApp.Domain.Interfaces.IEntity)
DA:40,7
DA:41,7
DA:44,7
DA:45,7
DA:46,7
DA:47,7
DA:48,7
DA:49,7
DA:50,7
DA:52,7
DA:53,7
DA:54,7
DA:55,0
DA:56,0
DA:57,0
DA:59,7
FN:61,System.Collections.IEnumerable BlabberApp.DataStore.Plugins.MySqlUser::ReadAll()
FNDA:2,System.Collections.IEnumerable BlabberApp.DataStore.Plugins.MySqlUser::ReadAll()
DA:62,2
DA:64,2
DA:65,2
DA:67,2
DA:68,2
DA:69,2
DA:71,2
DA:73,2
DA:75,8
DA:76,1
DA:77,1
DA:78,1
DA:80,2
DA:82,0
DA:83,0
DA:84,0
DA:86,2
BRDA:75,120,1,1
BRDA:75,120,0,2
FN:88,BlabberApp.Domain.Interfaces.IEntity BlabberApp.DataStore.Plugins.MySqlUser::ReadById(System.Guid)
FNDA:3,BlabberApp.Domain.Interfaces.IEntity BlabberApp.DataStore.Plugins.MySqlUser::ReadById(System.Guid)
DA:89,3
DA:91,3
DA:92,3
DA:94,3
DA:95,3
DA:96,3
DA:98,3
DA:100,3
DA:102,3
DA:104,0
DA:105,0
DA:106,0
DA:108,3
FN:110,BlabberApp.Domain.Interfaces.IEntity BlabberApp.DataStore.Plugins.MySqlUser::ReadByUserEmail(System.String)
FNDA:7,BlabberApp.Domain.Interfaces.IEntity BlabberApp.DataStore.Plugins.MySqlUser::ReadByUserEmail(System.String)
DA:111,7
DA:113,7
DA:114,7
DA:116,7
DA:117,7
DA:118,7
DA:120,7
DA:122,7
DA:124,1
DA:126,6
DA:127,6
DA:128,6
DA:130,1
FN:132,System.Void BlabberApp.DataStore.Plugins.MySqlUser::Update(BlabberApp.Domain.Interfaces.IEntity)
FNDA:1,System.Void BlabberApp.DataStore.Plugins.MySqlUser::Update(BlabberApp.Domain.Interfaces.IEntity)
DA:133,1
DA:134,1
DA:136,1
DA:137,1
DA:138,1
FN:140,System.Void BlabberApp.DataStore.Plugins.MySqlUser::Delete(BlabberApp.Domain.Interfaces.IEntity)
FNDA:2,System.Void BlabberApp.DataStore.Plugins.MySqlUser::Delete(BlabberApp.Domain.Interfaces.IEntity)
DA:141,2
DA:142,2
DA:145,2
DA:146,2
DA:148,2
DA:149,2
DA:150,2
DA:151,0
DA:152,0
DA:153,0
DA:155,2
FN:157,System.Void BlabberApp.DataStore.Plugins.MySqlUser::DeleteAll()
FNDA:14,System.Void BlabberApp.DataStore.Plugins.MySqlUser::DeleteAll()
DA:158,14
DA:159,14
DA:161,14
DA:162,14
DA:163,14
FN:165,BlabberApp.Domain.Entities.User BlabberApp.DataStore.Plugins.MySqlUser::DataRow2User(System.Data.DataRow)
FNDA:5,BlabberApp.Domain.Entities.User BlabberApp.DataStore.Plugins.MySqlUser::DataRow2User(System.Data.DataRow)
DA:166,5
DA:167,5
DA:169,5
DA:170,5
DA:171,5
DA:172,5
DA:174,5
DA:175,5
FN:17,System.Void BlabberApp.DataStore.Plugins.MySqlUser::.ctor()
FNDA:7,System.Void BlabberApp.DataStore.Plugins.MySqlUser::.ctor()
DA:18,7
DA:19,7
DA:20,7
DA:23,7
DA:24,7
DA:25,7
DA:26,0
DA:27,0
DA:28,0
DA:30,7
LF:101
LH:83
BRF:2
BRH:2
FNF:10
FNH:9
end_of_record
SF:/Users/macuser/Dropbox/School/Weber St/CS 4790/assignment-05-atsweeney/BlabberApp.DataStore/Exceptions/BlabAdapterExceptions.cs
FN:6,System.Void BlabberApp.DataStore.Exceptions.BlabAdapterException::.ctor(System.String)
FNDA:0,System.Void BlabberApp.DataStore.Exceptions.BlabAdapterException::.ctor(System.String)
DA:7,0
DA:8,0
DA:9,0
FN:10,System.Void BlabberApp.DataStore.Exceptions.BlabAdapterException::.ctor(System.String,System.Exception)
FNDA:0,System.Void BlabberApp.DataStore.Exceptions.BlabAdapterException::.ctor(System.String,System.Exception)
DA:11,0
DA:12,0
DA:13,0
FN:17,System.Void BlabberApp.DataStore.Exceptions.BlabAdapterNotFoundException::.ctor(System.String)
FNDA:0,System.Void BlabberApp.DataStore.Exceptions.BlabAdapterNotFoundException::.ctor(System.String)
DA:18,0
DA:19,0
DA:20,0
FN:21,System.Void BlabberApp.DataStore.Exceptions.BlabAdapterNotFoundException::.ctor(System.String,System.Exception)
FNDA:0,System.Void BlabberApp.DataStore.Exceptions.BlabAdapterNotFoundException::.ctor(System.String,System.Exception)
DA:22,0
DA:23,0
DA:24,0
LF:12
LH:0
BRF:0
BRH:0
FNF:4
FNH:0
end_of_record
SF:/Users/macuser/Dropbox/School/Weber St/CS 4790/assignment-05-atsweeney/BlabberApp.DataStore/Exceptions/UserAdapterExceptions.cs
FN:6,System.Void BlabberApp.DataStore.Exceptions.UserAdapterException::.ctor(System.String)
FNDA:0,System.Void BlabberApp.DataStore.Exceptions.UserAdapterException::.ctor(System.String)
DA:7,0
DA:8,0
DA:9,0
FN:10,System.Void BlabberApp.DataStore.Exceptions.UserAdapterException::.ctor(System.String,System.Exception)
FNDA:0,System.Void BlabberApp.DataStore.Exceptions.UserAdapterException::.ctor(System.String,System.Exception)
DA:11,0
DA:12,0
DA:13,0
FN:17,System.Void BlabberApp.DataStore.Exceptions.UserAdapterNotFoundException::.ctor(System.String)
FNDA:12,System.Void BlabberApp.DataStore.Exceptions.UserAdapterNotFoundException::.ctor(System.String)
DA:18,12
DA:19,12
DA:20,12
FN:21,System.Void BlabberApp.DataStore.Exceptions.UserAdapterNotFoundException::.ctor(System.String,System.Exception)
FNDA:0,System.Void BlabberApp.DataStore.Exceptions.UserAdapterNotFoundException::.ctor(System.String,System.Exception)
DA:22,0
DA:23,0
DA:24,0
FN:28,System.Void BlabberApp.DataStore.Exceptions.UserAdapterDuplicateException::.ctor(System.String)
FNDA:0,System.Void BlabberApp.DataStore.Exceptions.UserAdapterDuplicateException::.ctor(System.String)
DA:29,0
DA:30,0
DA:31,0
FN:32,System.Void BlabberApp.DataStore.Exceptions.UserAdapterDuplicateException::.ctor(System.String,System.Exception)
FNDA:0,System.Void BlabberApp.DataStore.Exceptions.UserAdapterDuplicateException::.ctor(System.String,System.Exception)
DA:33,0
DA:34,0
DA:35,0
LF:18
LH:3
BRF:0
BRH:0
FNF:6
FNH:1
end_of_record
SF:/Users/macuser/Dropbox/School/Weber St/CS 4790/assignment-05-atsweeney/BlabberApp.DataStore/Adapters/BlabAdapter.cs
FN:22,System.Void BlabberApp.DataStore.Adapters.BlabAdapter::Add(BlabberApp.Domain.Entities.Blab)
FNDA:13,System.Void BlabberApp.DataStore.Adapters.BlabAdapter::Add(BlabberApp.Domain.Entities.Blab)
DA:23,13
DA:24,13
DA:25,13
FN:27,System.Void BlabberApp.DataStore.Adapters.BlabAdapter::Remove(BlabberApp.Domain.Entities.Blab)
FNDA:1,System.Void BlabberApp.DataStore.Adapters.BlabAdapter::Remove(BlabberApp.Domain.Entities.Blab)
DA:28,1
DA:29,1
DA:30,1
FN:32,System.Void BlabberApp.DataStore.Adapters.BlabAdapter::RemoveAll()
FNDA:14,System.Void BlabberApp.DataStore.Adapters.BlabAdapter::RemoveAll()
DA:33,14
DA:34,14
DA:35,14
FN:37,System.Void BlabberApp.DataStore.Adapters.BlabAdapter::Update(BlabberApp.Domain.Entities.Blab)
FNDA:1,System.Void BlabberApp.DataStore.Adapters.BlabAdapter::Update(BlabberApp.Domain.Entities.Blab)
DA:38,1
DA:39,1
DA:40,1
FN:42,System.Collections.IEnumerable BlabberApp.DataStore.Adapters.BlabAdapter::GetAll()
FNDA:2,System.Collections.IEnumerable BlabberApp.DataStore.Adapters.BlabAdapter::GetAll()
DA:43,2
DA:44,2
DA:45,2
FN:47,BlabberApp.Domain.Entities.Blab BlabberApp.DataStore.Adapters.BlabAdapter::GetById(System.Guid)
FNDA:2,BlabberApp.Domain.Entities.Blab BlabberApp.DataStore.Adapters.BlabAdapter::GetById(System.Guid)
DA:48,2
DA:49,2
DA:50,2
FN:52,System.Collections.IEnumerable BlabberApp.DataStore.Adapters.BlabAdapter::GetByUserId(System.String)
FNDA:3,System.Collections.IEnumerable BlabberApp.DataStore.Adapters.BlabAdapter::GetByUserId(System.String)
DA:53,3
DA:54,3
DA:55,3
FN:14,System.Void BlabberApp.DataStore.Adapters.BlabAdapter::.ctor(BlabberApp.DataStore.Interfaces.IBlabPlugin)
FNDA:8,System.Void BlabberApp.DataStore.Adapters.BlabAdapter::.ctor(BlabberApp.DataStore.Interfaces.IBlabPlugin)
DA:15,8
DA:16,8
DA:17,8
DA:18,8
LF:25
LH:25
BRF:0
BRH:0
FNF:8
FNH:8
end_of_record
SF:/Users/macuser/Dropbox/School/Weber St/CS 4790/assignment-05-atsweeney/BlabberApp.DataStore/Adapters/UserAdapter.cs
FN:23,System.Void BlabberApp.DataStore.Adapters.UserAdapter::Add(BlabberApp.Domain.Entities.User)
FNDA:12,System.Void BlabberApp.DataStore.Adapters.UserAdapter::Add(BlabberApp.Domain.Entities.User)
DA:24,12
DA:26,12
DA:27,12
DA:28,0
DA:29,12
DA:30,12
DA:32,12
DA:33,12
DA:34,12
DA:36,0
DA:37,0
DA:38,0
DA:41,0
DA:42,12
FN:44,System.Void BlabberApp.DataStore.Adapters.UserAdapter::Remove(BlabberApp.Domain.Entities.User)
FNDA:1,System.Void BlabberApp.DataStore.Adapters.UserAdapter::Remove(BlabberApp.Domain.Entities.User)
DA:45,1
DA:47,1
DA:48,1
DA:49,1
DA:50,0
DA:51,0
DA:52,0
DA:54,1
FN:56,System.Void BlabberApp.DataStore.Adapters.UserAdapter::RemoveAll()
FNDA:14,System.Void BlabberApp.DataStore.Adapters.UserAdapter::RemoveAll()
DA:57,14
DA:58,14
DA:59,14
FN:61,System.Void BlabberApp.DataStore.Adapters.UserAdapter::Update(BlabberApp.Domain.Entities.User)
FNDA:2,System.Void BlabberApp.DataStore.Adapters.UserAdapter::Update(BlabberApp.Domain.Entities.User)
DA:62,2
DA:64,2
DA:65,2
DA:66,2
DA:67,0
DA:68,0
DA:69,0
DA:71,2
FN:73,System.Collections.IEnumerable BlabberApp.DataStore.Adapters.UserAdapter::GetAll()
FNDA:3,System.Collections.IEnumerable BlabberApp.DataStore.Adapters.UserAdapter::GetAll()
DA:74,3
DA:76,3
DA:77,3
DA:79,0
DA:80,0
DA:81,0
DA:83,3
FN:85,BlabberApp.Domain.Entities.User BlabberApp.DataStore.Adapters.UserAdapter::GetById(System.Guid)
FNDA:5,BlabberApp.Domain.Entities.User BlabberApp.DataStore.Adapters.UserAdapter::GetById(System.Guid)
DA:86,5
DA:88,5
DA:89,5
DA:90,5
DA:92,0
DA:93,0
DA:94,0
DA:96,5
FN:98,BlabberApp.Domain.Entities.User BlabberApp.DataStore.Adapters.UserAdapter::GetByEmail(System.String)
FNDA:13,BlabberApp.Domain.Entities.User BlabberApp.DataStore.Adapters.UserAdapter::GetByEmail(System.String)
DA:99,13
DA:101,13
DA:102,13
DA:103,1
DA:105,12
DA:106,12
DA:107,12
DA:109,1
FN:15,System.Void BlabberApp.DataStore.Adapters.UserAdapter::.ctor(BlabberApp.DataStore.Interfaces.IUserPlugin)
FNDA:10,System.Void BlabberApp.DataStore.Adapters.UserAdapter::.ctor(BlabberApp.DataStore.Interfaces.IUserPlugin)
DA:16,10
DA:17,10
DA:18,10
DA:19,10
LF:60
LH:43
BRF:0
BRH:0
FNF:8
FNH:8
end_of_record
SF:/Users/macuser/Dropbox/School/Weber St/CS 4790/assignment-05-atsweeney/BlabberApp.Domain/Entities/Blab.cs
FN:8,System.Guid BlabberApp.Domain.Entities.Blab::get_Id()
FNDA:51,System.Guid BlabberApp.Domain.Entities.Blab::get_Id()
DA:9,51
FN:10,System.DateTime BlabberApp.Domain.Entities.Blab::get_DTTM()
FNDA:29,System.DateTime BlabberApp.Domain.Entities.Blab::get_DTTM()
DA:11,29
FN:12,System.String BlabberApp.Domain.Entities.Blab::get_Message()
FNDA:46,System.String BlabberApp.Domain.Entities.Blab::get_Message()
DA:13,46
FN:14,BlabberApp.Domain.Entities.User BlabberApp.Domain.Entities.Blab::get_User()
FNDA:34,BlabberApp.Domain.Entities.User BlabberApp.Domain.Entities.Blab::get_User()
DA:15,34
FN:53,System.Boolean BlabberApp.Domain.Entities.Blab::IsValid()
FNDA:1,System.Boolean BlabberApp.Domain.Entities.Blab::IsValid()
DA:54,1
DA:55,1
DA:56,0
DA:57,0
DA:60,1
DA:61,0
DA:62,0
DA:65,1
DA:66,0
DA:67,0
DA:70,1
DA:71,0
DA:72,0
DA:75,1
DA:76,1
BRDA:55,11,0,0
BRDA:55,11,1,1
BRDA:60,40,0,0
BRDA:60,40,1,1
BRDA:65,70,0,0
BRDA:65,70,1,1
BRDA:70,100,0,0
BRDA:70,100,1,1
FN:18,System.Void BlabberApp.Domain.Entities.Blab::.ctor()
FNDA:2,System.Void BlabberApp.Domain.Entities.Blab::.ctor()
DA:19,2
DA:20,2
DA:21,2
DA:22,2
DA:23,2
DA:24,2
DA:25,2
FN:26,System.Void BlabberApp.Domain.Entities.Blab::.ctor(System.String)
FNDA:0,System.Void BlabberApp.Domain.Entities.Blab::.ctor(System.String)
DA:27,0
DA:28,0
DA:29,0
DA:30,0
DA:31,0
DA:32,0
DA:33,0
FN:34,System.Void BlabberApp.Domain.Entities.Blab::.ctor(BlabberApp.Domain.Entities.User)
FNDA:9,System.Void BlabberApp.Domain.Entities.Blab::.ctor(BlabberApp.Domain.Entities.User)
DA:35,9
DA:36,9
DA:37,9
DA:38,9
DA:39,9
DA:40,9
DA:41,9
FN:42,System.Void BlabberApp.Domain.Entities.Blab::.ctor(System.String,BlabberApp.Domain.Entities.User)
FNDA:7,System.Void BlabberApp.Domain.Entities.Blab::.ctor(System.String,BlabberApp.Domain.Entities.User)
DA:43,7
DA:44,7
DA:45,7
DA:46,7
DA:47,7
DA:48,7
DA:49,7
LF:47
LH:32
BRF:8
BRH:4
FNF:9
FNH:8
end_of_record
SF:/Users/macuser/Dropbox/School/Weber St/CS 4790/assignment-05-atsweeney/BlabberApp.Domain/Entities/User.cs
FN:8,System.Guid BlabberApp.Domain.Entities.User::get_Id()
FNDA:74,System.Guid BlabberApp.Domain.Entities.User::get_Id()
DA:9,74
FN:10,System.DateTime BlabberApp.Domain.Entities.User::get_RegisterDTTM()
FNDA:0,System.DateTime BlabberApp.Domain.Entities.User::get_RegisterDTTM()
DA:11,0
FN:12,System.DateTime BlabberApp.Domain.Entities.User::get_LastLoginDTTM()
FNDA:0,System.DateTime BlabberApp.Domain.Entities.User::get_LastLoginDTTM()
DA:13,0
FN:14,System.String BlabberApp.Domain.Entities.User::get_Email()
FNDA:98,System.String BlabberApp.Domain.Entities.User::get_Email()
DA:15,98
FN:32,System.Void BlabberApp.Domain.Entities.User::ChangeEmail(System.String)
FNDA:49,System.Void BlabberApp.Domain.Entities.User::ChangeEmail(System.String)
DA:33,49
DA:34,49
DA:35,0
DA:37,49
DA:38,49
DA:39,49
DA:40,0
DA:41,0
DA:42,0
DA:44,49
DA:45,49
BRDA:34,7,0,49
BRDA:34,7,1,0
BRDA:34,24,0,0
BRDA:34,24,1,49
FN:47,System.Boolean BlabberApp.Domain.Entities.User::IsValid()
FNDA:0,System.Boolean BlabberApp.Domain.Entities.User::IsValid()
DA:48,0
DA:49,0
DA:50,0
DA:51,0
DA:54,0
DA:55,0
DA:56,0
DA:59,0
DA:60,0
DA:61,0
DA:64,0
DA:65,0
DA:66,0
DA:69,0
DA:70,0
DA:71,0
DA:74,0
DA:75,0
BRDA:49,11,0,0
BRDA:49,11,1,0
BRDA:54,31,0,0
BRDA:54,31,1,0
BRDA:59,63,0,0
BRDA:59,63,1,0
BRDA:64,82,0,0
BRDA:64,82,1,0
BRDA:69,103,0,0
BRDA:69,103,1,0
FN:18,System.Void BlabberApp.Domain.Entities.User::.ctor()
FNDA:16,System.Void BlabberApp.Domain.Entities.User::.ctor()
DA:19,16
DA:20,16
DA:21,16
DA:22,16
FN:23,System.Void BlabberApp.Domain.Entities.User::.ctor(System.String)
FNDA:33,System.Void BlabberApp.Domain.Entities.User::.ctor(System.String)
DA:24,33
DA:25,33
DA:26,33
DA:27,33
DA:28,33
LF:42
LH:18
BRF:14
BRH:2
FNF:8
FNH:5
end_of_record