SF:/Users/macuser/Dropbox/School/Weber St/CS 4790/assignment-05-atsweeney/BlabberApp.Services/BlabService.cs
FN:22,System.Void BlabberApp.Services.BlabService::AddBlab(System.String,System.String)
FNDA:0,System.Void BlabberApp.Services.BlabService::AddBlab(System.String,System.String)
DA:23,0
DA:24,0
DA:25,0
FN:27,System.Void BlabberApp.Services.BlabService::AddBlab(BlabberApp.Domain.Entities.Blab)
FNDA:1,System.Void BlabberApp.Services.BlabService::AddBlab(BlabberApp.Domain.Entities.Blab)
DA:28,1
DA:29,1
DA:30,1
FN:32,System.Collections.IEnumerable BlabberApp.Services.BlabService::GetAll()
FNDA:1,System.Collections.IEnumerable BlabberApp.Services.BlabService::GetAll()
DA:33,1
DA:34,1
DA:35,1
FN:37,System.Collections.IEnumerable BlabberApp.Services.BlabService::FindUserBlabs(System.String)
FNDA:1,System.Collections.IEnumerable BlabberApp.Services.BlabService::FindUserBlabs(System.String)
DA:38,1
DA:39,1
FN:42,BlabberApp.Domain.Entities.Blab BlabberApp.Services.BlabService::CreateBlab(System.String,System.String)
FNDA:1,BlabberApp.Domain.Entities.Blab BlabberApp.Services.BlabService::CreateBlab(System.String,System.String)
DA:43,1
DA:44,1
DA:45,1
DA:46,1
FN:48,BlabberApp.Domain.Entities.Blab BlabberApp.Services.BlabService::CreateBlab(System.String,BlabberApp.Domain.Entities.User)
FNDA:0,BlabberApp.Domain.Entities.Blab BlabberApp.Services.BlabService::CreateBlab(System.String,BlabberApp.Domain.Entities.User)
DA:49,0
DA:50,0
DA:51,0
FN:14,System.Void BlabberApp.Services.BlabService::.ctor(BlabberApp.DataStore.Adapters.BlabAdapter)
FNDA:3,System.Void BlabberApp.Services.BlabService::.ctor(BlabberApp.DataStore.Adapters.BlabAdapter)
DA:15,3
DA:16,3
DA:17,3
DA:18,3
LF:22
LH:16
BRF:0
BRH:0
FNF:7
FNH:5
end_of_record
SF:/Users/macuser/Dropbox/School/Weber St/CS 4790/assignment-05-atsweeney/BlabberApp.Services/BlabServiceFactory.cs
FN:10,BlabberApp.DataStore.Adapters.BlabAdapter BlabberApp.Services.BlabServiceFactory::CreateBlabAdapter(BlabberApp.DataStore.Interfaces.IBlabPlugin)
FNDA:4,BlabberApp.DataStore.Adapters.BlabAdapter BlabberApp.Services.BlabServiceFactory::CreateBlabAdapter(BlabberApp.DataStore.Interfaces.IBlabPlugin)
DA:11,4
DA:12,4
DA:13,4
DA:14,4
DA:15,4
DA:17,4
DA:18,4
BRDA:12,7,0,4
BRDA:12,7,1,4
FN:20,BlabberApp.DataStore.Interfaces.IBlabPlugin BlabberApp.Services.BlabServiceFactory::CreateBlabPlugin(System.String)
FNDA:4,BlabberApp.DataStore.Interfaces.IBlabPlugin BlabberApp.Services.BlabServiceFactory::CreateBlabPlugin(System.String)
DA:21,4
DA:22,4
DA:23,0
DA:24,0
DA:27,4
DA:28,4
BRDA:22,19,0,0
BRDA:22,19,1,4
FN:30,BlabberApp.Services.BlabService BlabberApp.Services.BlabServiceFactory::CreateBlabService(BlabberApp.DataStore.Adapters.BlabAdapter)
FNDA:3,BlabberApp.Services.BlabService BlabberApp.Services.BlabServiceFactory::CreateBlabService(BlabberApp.DataStore.Adapters.BlabAdapter)
DA:31,3
DA:32,3
DA:33,3
DA:34,3
DA:35,3
DA:37,3
DA:38,3
BRDA:32,7,0,3
BRDA:32,7,1,3
LF:20
LH:18
BRF:6
BRH:5
FNF:3
FNH:3
end_of_record
SF:/Users/macuser/Dropbox/School/Weber St/CS 4790/assignment-05-atsweeney/BlabberApp.Services/UserService.cs
FN:22,System.Collections.IEnumerable BlabberApp.Services.UserService::GetAll()
FNDA:1,System.Collections.IEnumerable BlabberApp.Services.UserService::GetAll()
DA:23,1
DA:24,1
DA:25,1
FN:27,System.Void BlabberApp.Services.UserService::AddNewUser(System.String)
FNDA:1,System.Void BlabberApp.Services.UserService::AddNewUser(System.String)
DA:28,1
DA:30,1
DA:31,1
DA:32,1
DA:33,0
DA:34,0
DA:35,0
DA:37,1
FN:39,BlabberApp.Domain.Entities.User BlabberApp.Services.UserService::CreateUser(System.String)
FNDA:2,BlabberApp.Domain.Entities.User BlabberApp.Services.UserService::CreateUser(System.String)
DA:40,2
DA:41,2
DA:42,2
FN:44,BlabberApp.Domain.Entities.User BlabberApp.Services.UserService::FindUser(System.String)
FNDA:1,BlabberApp.Domain.Entities.User BlabberApp.Services.UserService::FindUser(System.String)
DA:45,1
DA:46,1
DA:47,1
FN:14,System.Void BlabberApp.Services.UserService::.ctor(BlabberApp.DataStore.Adapters.UserAdapter)
FNDA:3,System.Void BlabberApp.Services.UserService::.ctor(BlabberApp.DataStore.Adapters.UserAdapter)
DA:15,3
DA:16,3
DA:17,3
DA:18,3
LF:21
LH:18
BRF:0
BRH:0
FNF:5
FNH:5
end_of_record
SF:/Users/macuser/Dropbox/School/Weber St/CS 4790/assignment-05-atsweeney/BlabberApp.Services/UserServiceFactory.cs
FN:9,BlabberApp.DataStore.Adapters.UserAdapter BlabberApp.Services.UserServiceFactory::CreateUserAdapter(BlabberApp.DataStore.Interfaces.IUserPlugin)
FNDA:4,BlabberApp.DataStore.Adapters.UserAdapter BlabberApp.Services.UserServiceFactory::CreateUserAdapter(BlabberApp.DataStore.Interfaces.IUserPlugin)
DA:10,4
DA:11,4
DA:12,4
DA:13,4
DA:14,4
DA:16,4
DA:17,4
BRDA:11,7,0,4
BRDA:11,7,1,4
FN:19,BlabberApp.DataStore.Interfaces.IUserPlugin BlabberApp.Services.UserServiceFactory::CreateUserPlugin(System.String)
FNDA:4,BlabberApp.DataStore.Interfaces.IUserPlugin BlabberApp.Services.UserServiceFactory::CreateUserPlugin(System.String)
DA:20,4
DA:21,4
DA:22,0
DA:23,0
DA:26,4
DA:27,4
BRDA:21,19,0,0
BRDA:21,19,1,4
FN:29,BlabberApp.Services.UserService BlabberApp.Services.UserServiceFactory::CreateUserService(BlabberApp.DataStore.Adapters.UserAdapter)
FNDA:3,BlabberApp.Services.UserService BlabberApp.Services.UserServiceFactory::CreateUserService(BlabberApp.DataStore.Adapters.UserAdapter)
DA:30,3
DA:31,3
DA:32,3
DA:33,3
DA:34,3
DA:36,3
DA:37,3
BRDA:31,7,0,3
BRDA:31,7,1,3
LF:20
LH:18
BRF:6
BRH:5
FNF:3
FNH:3
end_of_record
SF:/Users/macuser/Dropbox/School/Weber St/CS 4790/assignment-05-atsweeney/BlabberApp.DataStore/Plugins/InMemory.cs
FN:23,System.Void BlabberApp.DataStore.Plugins.InMemory::Create(BlabberApp.Domain.Interfaces.IEntity)
FNDA:2,System.Void BlabberApp.DataStore.Plugins.InMemory::Create(BlabberApp.Domain.Interfaces.IEntity)
DA:24,2
DA:25,2
DA:26,2
FN:28,System.Collections.IEnumerable BlabberApp.DataStore.Plugins.InMemory::ReadAll()
FNDA:2,System.Collections.IEnumerable BlabberApp.DataStore.Plugins.InMemory::ReadAll()
DA:29,2
DA:30,2
DA:31,2
FN:33,BlabberApp.Domain.Interfaces.IEntity BlabberApp.DataStore.Plugins.InMemory::ReadById(System.Guid)
FNDA:0,BlabberApp.Domain.Interfaces.IEntity BlabberApp.DataStore.Plugins.InMemory::ReadById(System.Guid)
DA:34,0
DA:35,0
DA:36,0
DA:37,0
DA:38,0
DA:39,0
DA:40,0
BRDA:35,57,1,0
BRDA:37,44,0,0
BRDA:37,44,1,0
BRDA:35,57,0,0
FN:42,System.Collections.IEnumerable BlabberApp.DataStore.Plugins.InMemory::ReadByUserId(System.String)
FNDA:0,System.Collections.IEnumerable BlabberApp.DataStore.Plugins.InMemory::ReadByUserId(System.String)
DA:43,0
DA:45,0
DA:46,0
FN:48,BlabberApp.Domain.Interfaces.IEntity BlabberApp.DataStore.Plugins.InMemory::ReadByUserEmail(System.String)
FNDA:2,BlabberApp.Domain.Interfaces.IEntity BlabberApp.DataStore.Plugins.InMemory::ReadByUserEmail(System.String)
DA:49,2
DA:50,7
DA:51,1
DA:52,1
DA:53,1
DA:54,1
DA:56,0
DA:57,1
DA:58,1
BRDA:50,57,1,1
BRDA:52,43,0,1
BRDA:52,43,1,0
BRDA:50,57,0,1
FN:60,System.Void BlabberApp.DataStore.Plugins.InMemory::Update(BlabberApp.Domain.Interfaces.IEntity)
FNDA:0,System.Void BlabberApp.DataStore.Plugins.InMemory::Update(BlabberApp.Domain.Interfaces.IEntity)
DA:61,0
DA:62,0
DA:63,0
DA:64,0
FN:66,System.Void BlabberApp.DataStore.Plugins.InMemory::Delete(BlabberApp.Domain.Interfaces.IEntity)
FNDA:0,System.Void BlabberApp.DataStore.Plugins.InMemory::Delete(BlabberApp.Domain.Interfaces.IEntity)
DA:67,0
DA:68,0
DA:69,0
FN:71,System.Void BlabberApp.DataStore.Plugins.InMemory::DeleteAll()
FNDA:0,System.Void BlabberApp.DataStore.Plugins.InMemory::DeleteAll()
DA:72,0
DA:73,0
DA:74,0
FN:15,System.Void BlabberApp.DataStore.Plugins.InMemory::.ctor()
FNDA:8,System.Void BlabberApp.DataStore.Plugins.InMemory::.ctor()
DA:16,8
DA:17,8
DA:18,8
DA:19,8
LF:39
LH:18
BRF:8
BRH:3
FNF:9
FNH:4
end_of_record
SF:/Users/macuser/Dropbox/School/Weber St/CS 4790/assignment-05-atsweeney/BlabberApp.DataStore/Plugins/MySqlBlab.cs
FN:33,System.Void BlabberApp.DataStore.Plugins.MySqlBlab::Close()
FNDA:0,System.Void BlabberApp.DataStore.Plugins.MySqlBlab::Close()
DA:34,0
DA:35,0
DA:36,0
FN:38,System.Void BlabberApp.DataStore.Plugins.MySqlBlab::Create(BlabberApp.Domain.Interfaces.IEntity)
FNDA:0,System.Void BlabberApp.DataStore.Plugins.MySqlBlab::Create(BlabberApp.Domain.Interfaces.IEntity)
DA:39,0
DA:40,0
DA:42,0
DA:43,0
DA:44,0
DA:45,0
DA:46,0
DA:47,0
DA:48,0
DA:49,0
DA:50,0
DA:51,0
DA:52,0
DA:53,0
DA:54,0
DA:56,0
FN:58,System.Collections.IEnumerable BlabberApp.DataStore.Plugins.MySqlBlab::ReadAll()
FNDA:0,System.Collections.IEnumerable BlabberApp.DataStore.Plugins.MySqlBlab::ReadAll()
DA:59,0
DA:61,0
DA:63,0
DA:64,0
DA:65,0
DA:66,0
DA:68,0
DA:70,0
DA:72,0
DA:73,0
DA:74,0
DA:75,0
DA:77,0
DA:79,0
DA:80,0
DA:81,0
DA:83,0
BRDA:72,115,1,0
BRDA:72,115,0,0
FN:85,BlabberApp.Domain.Interfaces.IEntity BlabberApp.DataStore.Plugins.MySqlBlab::ReadById(System.Guid)
FNDA:0,BlabberApp.Domain.Interfaces.IEntity BlabberApp.DataStore.Plugins.MySqlBlab::ReadById(System.Guid)
DA:86,0
DA:88,0
DA:89,0
DA:90,0
DA:91,0
DA:92,0
DA:94,0
DA:96,0
DA:97,0
DA:99,0
DA:100,0
DA:101,0
DA:103,0
DA:105,0
DA:106,0
DA:107,0
DA:109,0
FN:111,System.Collections.IEnumerable BlabberApp.DataStore.Plugins.MySqlBlab::ReadByUserId(System.String)
FNDA:0,System.Collections.IEnumerable BlabberApp.DataStore.Plugins.MySqlBlab::ReadByUserId(System.String)
DA:112,0
DA:114,0
DA:115,0
DA:116,0
DA:117,0
DA:118,0
DA:120,0
DA:122,0
DA:124,0
DA:125,0
DA:126,0
DA:127,0
DA:129,0
DA:131,0
DA:132,0
DA:133,0
DA:135,0
BRDA:124,131,1,0
BRDA:124,131,0,0
FN:137,System.Void BlabberApp.DataStore.Plugins.MySqlBlab::Update(BlabberApp.Domain.Interfaces.IEntity)
FNDA:0,System.Void BlabberApp.DataStore.Plugins.MySqlBlab::Update(BlabberApp.Domain.Interfaces.IEntity)
DA:138,0
DA:139,0
DA:141,0
DA:142,0
DA:143,0
FN:145,System.Void BlabberApp.DataStore.Plugins.MySqlBlab::Delete(BlabberApp.Domain.Interfaces.IEntity)
FNDA:0,System.Void BlabberApp.DataStore.Plugins.MySqlBlab::Delete(BlabberApp.Domain.Interfaces.IEntity)
DA:146,0
DA:147,0
DA:150,0
DA:151,0
DA:153,0
DA:154,0
DA:155,0
DA:156,0
DA:157,0
DA:158,0
DA:160,0
FN:162,System.Void BlabberApp.DataStore.Plugins.MySqlBlab::DeleteAll()
FNDA:0,System.Void BlabberApp.DataStore.Plugins.MySqlBlab::DeleteAll()
DA:163,0
DA:164,0
DA:165,0
DA:166,0
DA:167,0
FN:169,BlabberApp.Domain.Entities.Blab BlabberApp.DataStore.Plugins.MySqlBlab::DataRow2Blab(System.Data.DataRow)
FNDA:0,BlabberApp.Domain.Entities.Blab BlabberApp.DataStore.Plugins.MySqlBlab::DataRow2Blab(System.Data.DataRow)
DA:170,0
DA:171,0
DA:173,0
DA:175,0
DA:177,0
DA:178,0
DA:179,0
DA:181,0
DA:182,0
FN:17,System.Void BlabberApp.DataStore.Plugins.MySqlBlab::.ctor()
FNDA:0,System.Void BlabberApp.DataStore.Plugins.MySqlBlab::.ctor()
DA:18,0
DA:19,0
DA:20,0
DA:22,0
DA:23,0
DA:24,0
DA:25,0
DA:26,0
DA:27,0
DA:29,0
LF:110
LH:0
BRF:4
BRH:0
FNF:10
FNH:0
end_of_record
SF:/Users/macuser/Dropbox/School/Weber St/CS 4790/assignment-05-atsweeney/BlabberApp.DataStore/Plugins/MySqlUser.cs
FN:34,System.Void BlabberApp.DataStore.Plugins.MySqlUser::Close()
FNDA:0,System.Void BlabberApp.DataStore.Plugins.MySqlUser::Close()
DA:35,0
DA:36,0
DA:37,0
FN:39,System.Void BlabberApp.DataStore.Plugins.MySqlUser::Create(BlabberApp.Domain.Interfaces.IEntity)
FNDA:0,System.Void BlabberApp.DataStore.Plugins.MySqlUser::Create(BlabberApp.Domain.Interfaces.IEntity)
DA:40,0
DA:41,0
DA:44,0
DA:45,0
DA:46,0
DA:47,0
DA:48,0
DA:49,0
DA:50,0
DA:52,0
DA:53,0
DA:54,0
DA:55,0
DA:56,0
DA:57,0
DA:59,0
FN:61,System.Collections.IEnumerable BlabberApp.DataStore.Plugins.MySqlUser::ReadAll()
FNDA:0,System.Collections.IEnumerable BlabberApp.DataStore.Plugins.MySqlUser::ReadAll()
DA:62,0
DA:64,0
DA:65,0
DA:67,0
DA:68,0
DA:69,0
DA:71,0
DA:73,0
DA:75,0
DA:76,0
DA:77,0
DA:78,0
DA:80,0
DA:82,0
DA:83,0
DA:84,0
DA:86,0
BRDA:75,120,1,0
BRDA:75,120,0,0
FN:88,BlabberApp.Domain.Interfaces.IEntity BlabberApp.DataStore.Plugins.MySqlUser::ReadById(System.Guid)
FNDA:0,BlabberApp.Domain.Interfaces.IEntity BlabberApp.DataStore.Plugins.MySqlUser::ReadById(System.Guid)
DA:89,0
DA:91,0
DA:92,0
DA:94,0
DA:95,0
DA:96,0
DA:98,0
DA:100,0
DA:102,0
DA:104,0
DA:105,0
DA:106,0
DA:108,0
FN:110,BlabberApp.Domain.Interfaces.IEntity BlabberApp.DataStore.Plugins.MySqlUser::ReadByUserEmail(System.String)
FNDA:0,BlabberApp.Domain.Interfaces.IEntity BlabberApp.DataStore.Plugins.MySqlUser::ReadByUserEmail(System.String)
DA:111,0
DA:113,0
DA:114,0
DA:116,0
DA:117,0
DA:118,0
DA:120,0
DA:122,0
DA:124,0
DA:126,0
DA:127,0
DA:128,0
DA:130,0
FN:132,System.Void BlabberApp.DataStore.Plugins.MySqlUser::Update(BlabberApp.Domain.Interfaces.IEntity)
FNDA:0,System.Void BlabberApp.DataStore.Plugins.MySqlUser::Update(BlabberApp.Domain.Interfaces.IEntity)
DA:133,0
DA:134,0
DA:136,0
DA:137,0
DA:138,0
FN:140,System.Void BlabberApp.DataStore.Plugins.MySqlUser::Delete(BlabberApp.Domain.Interfaces.IEntity)
FNDA:0,System.Void BlabberApp.DataStore.Plugins.MySqlUser::Delete(BlabberApp.Domain.Interfaces.IEntity)
DA:141,0
DA:142,0
DA:145,0
DA:146,0
DA:148,0
DA:149,0
DA:150,0
DA:151,0
DA:152,0
DA:153,0
DA:155,0
FN:157,System.Void BlabberApp.DataStore.Plugins.MySqlUser::DeleteAll()
FNDA:0,System.Void BlabberApp.DataStore.Plugins.MySqlUser::DeleteAll()
DA:158,0
DA:159,0
DA:161,0
DA:162,0
DA:163,0
FN:165,BlabberApp.Domain.Entities.User BlabberApp.DataStore.Plugins.MySqlUser::DataRow2User(System.Data.DataRow)
FNDA:0,BlabberApp.Domain.Entities.User BlabberApp.DataStore.Plugins.MySqlUser::DataRow2User(System.Data.DataRow)
DA:166,0
DA:167,0
DA:169,0
DA:170,0
DA:171,0
DA:172,0
DA:174,0
DA:175,0
FN:17,System.Void BlabberApp.DataStore.Plugins.MySqlUser::.ctor()
FNDA:0,System.Void BlabberApp.DataStore.Plugins.MySqlUser::.ctor()
DA:18,0
DA:19,0
DA:20,0
DA:23,0
DA:24,0
DA:25,0
DA:26,0
DA:27,0
DA:28,0
DA:30,0
LF:101
LH:0
BRF:2
BRH:0
FNF:10
FNH:0
end_of_record
SF:/Users/macuser/Dropbox/School/Weber St/CS 4790/assignment-05-atsweeney/BlabberApp.DataStore/Exceptions/BlabAdapterExceptions.cs
FN:6,System.Void BlabberApp.DataStore.Exceptions.BlabAdapterException::.ctor(System.String)
FNDA:0,System.Void BlabberApp.DataStore.Exceptions.BlabAdapterException::.ctor(System.String)
DA:7,0
DA:8,0
DA:9,0
FN:10,System.Void BlabberApp.DataStore.Exceptions.BlabAdapterException::.ctor(System.String,System.Exception)
FNDA:0,System.Void BlabberApp.DataStore.Exceptions.BlabAdapterException::.ctor(System.String,System.Exception)
DA:11,0
DA:12,0
DA:13,0
FN:17,System.Void BlabberApp.DataStore.Exceptions.BlabAdapterNotFoundException::.ctor(System.String)
FNDA:0,System.Void BlabberApp.DataStore.Exceptions.BlabAdapterNotFoundException::.ctor(System.String)
DA:18,0
DA:19,0
DA:20,0
FN:21,System.Void BlabberApp.DataStore.Exceptions.BlabAdapterNotFoundException::.ctor(System.String,System.Exception)
FNDA:0,System.Void BlabberApp.DataStore.Exceptions.BlabAdapterNotFoundException::.ctor(System.String,System.Exception)
DA:22,0
DA:23,0
DA:24,0
LF:12
LH:0
BRF:0
BRH:0
FNF:4
FNH:0
end_of_record
SF:/Users/macuser/Dropbox/School/Weber St/CS 4790/assignment-05-atsweeney/BlabberApp.DataStore/Exceptions/UserAdapterExceptions.cs
FN:6,System.Void BlabberApp.DataStore.Exceptions.UserAdapterException::.ctor(System.String)
FNDA:0,System.Void BlabberApp.DataStore.Exceptions.UserAdapterException::.ctor(System.String)
DA:7,0
DA:8,0
DA:9,0
FN:10,System.Void BlabberApp.DataStore.Exceptions.UserAdapterException::.ctor(System.String,System.Exception)
FNDA:0,System.Void BlabberApp.DataStore.Exceptions.UserAdapterException::.ctor(System.String,System.Exception)
DA:11,0
DA:12,0
DA:13,0
FN:17,System.Void BlabberApp.DataStore.Exceptions.UserAdapterNotFoundException::.ctor(System.String)
FNDA:1,System.Void BlabberApp.DataStore.Exceptions.UserAdapterNotFoundException::.ctor(System.String)
DA:18,1
DA:19,1
DA:20,1
FN:21,System.Void BlabberApp.DataStore.Exceptions.UserAdapterNotFoundException::.ctor(System.String,System.Exception)
FNDA:0,System.Void BlabberApp.DataStore.Exceptions.UserAdapterNotFoundException::.ctor(System.String,System.Exception)
DA:22,0
DA:23,0
DA:24,0
FN:28,System.Void BlabberApp.DataStore.Exceptions.UserAdapterDuplicateException::.ctor(System.String)
FNDA:0,System.Void BlabberApp.DataStore.Exceptions.UserAdapterDuplicateException::.ctor(System.String)
DA:29,0
DA:30,0
DA:31,0
FN:32,System.Void BlabberApp.DataStore.Exceptions.UserAdapterDuplicateException::.ctor(System.String,System.Exception)
FNDA:0,System.Void BlabberApp.DataStore.Exceptions.UserAdapterDuplicateException::.ctor(System.String,System.Exception)
DA:33,0
DA:34,0
DA:35,0
LF:18
LH:3
BRF:0
BRH:0
FNF:6
FNH:1
end_of_record
SF:/Users/macuser/Dropbox/School/Weber St/CS 4790/assignment-05-atsweeney/BlabberApp.DataStore/Adapters/BlabAdapter.cs
FN:22,System.Void BlabberApp.DataStore.Adapters.BlabAdapter::Add(BlabberApp.Domain.Entities.Blab)
FNDA:1,System.Void BlabberApp.DataStore.Adapters.BlabAdapter::Add(BlabberApp.Domain.Entities.Blab)
DA:23,1
DA:24,1
DA:25,1
FN:27,System.Void BlabberApp.DataStore.Adapters.BlabAdapter::Remove(BlabberApp.Domain.Entities.Blab)
FNDA:0,System.Void BlabberApp.DataStore.Adapters.BlabAdapter::Remove(BlabberApp.Domain.Entities.Blab)
DA:28,0
DA:29,0
DA:30,0
FN:32,System.Void BlabberApp.DataStore.Adapters.BlabAdapter::RemoveAll()
FNDA:0,System.Void BlabberApp.DataStore.Adapters.BlabAdapter::RemoveAll()
DA:33,0
DA:34,0
DA:35,0
FN:37,System.Void BlabberApp.DataStore.Adapters.BlabAdapter::Update(BlabberApp.Domain.Entities.Blab)
FNDA:0,System.Void BlabberApp.DataStore.Adapters.BlabAdapter::Update(BlabberApp.Domain.Entities.Blab)
DA:38,0
DA:39,0
DA:40,0
FN:42,System.Collections.IEnumerable BlabberApp.DataStore.Adapters.BlabAdapter::GetAll()
FNDA:1,System.Collections.IEnumerable BlabberApp.DataStore.Adapters.BlabAdapter::GetAll()
DA:43,1
DA:44,1
DA:45,1
FN:47,BlabberApp.Domain.Entities.Blab BlabberApp.DataStore.Adapters.BlabAdapter::GetById(System.Guid)
FNDA:0,BlabberApp.Domain.Entities.Blab BlabberApp.DataStore.Adapters.BlabAdapter::GetById(System.Guid)
DA:48,0
DA:49,0
DA:50,0
FN:52,System.Collections.IEnumerable BlabberApp.DataStore.Adapters.BlabAdapter::GetByUserId(System.String)
FNDA:0,System.Collections.IEnumerable BlabberApp.DataStore.Adapters.BlabAdapter::GetByUserId(System.String)
DA:53,0
DA:54,0
DA:55,0
FN:14,System.Void BlabberApp.DataStore.Adapters.BlabAdapter::.ctor(BlabberApp.DataStore.Interfaces.IBlabPlugin)
FNDA:4,System.Void BlabberApp.DataStore.Adapters.BlabAdapter::.ctor(BlabberApp.DataStore.Interfaces.IBlabPlugin)
DA:15,4
DA:16,4
DA:17,4
DA:18,4
LF:25
LH:10
BRF:0
BRH:0
FNF:8
FNH:3
end_of_record
SF:/Users/macuser/Dropbox/School/Weber St/CS 4790/assignment-05-atsweeney/BlabberApp.DataStore/Adapters/UserAdapter.cs
FN:23,System.Void BlabberApp.DataStore.Adapters.UserAdapter::Add(BlabberApp.Domain.Entities.User)
FNDA:1,System.Void BlabberApp.DataStore.Adapters.UserAdapter::Add(BlabberApp.Domain.Entities.User)
DA:24,1
DA:26,1
DA:27,1
DA:28,0
DA:29,1
DA:30,1
DA:32,1
DA:33,1
DA:34,1
DA:36,0
DA:37,0
DA:38,0
DA:41,0
DA:42,1
FN:44,System.Void BlabberApp.DataStore.Adapters.UserAdapter::Remove(BlabberApp.Domain.Entities.User)
FNDA:0,System.Void BlabberApp.DataStore.Adapters.UserAdapter::Remove(BlabberApp.Domain.Entities.User)
DA:45,0
DA:47,0
DA:48,0
DA:49,0
DA:50,0
DA:51,0
DA:52,0
DA:54,0
FN:56,System.Void BlabberApp.DataStore.Adapters.UserAdapter::RemoveAll()
FNDA:0,System.Void BlabberApp.DataStore.Adapters.UserAdapter::RemoveAll()
DA:57,0
DA:58,0
DA:59,0
FN:61,System.Void BlabberApp.DataStore.Adapters.UserAdapter::Update(BlabberApp.Domain.Entities.User)
FNDA:0,System.Void BlabberApp.DataStore.Adapters.UserAdapter::Update(BlabberApp.Domain.Entities.User)
DA:62,0
DA:64,0
DA:65,0
DA:66,0
DA:67,0
DA:68,0
DA:69,0
DA:71,0
FN:73,System.Collections.IEnumerable BlabberApp.DataStore.Adapters.UserAdapter::GetAll()
FNDA:1,System.Collections.IEnumerable BlabberApp.DataStore.Adapters.UserAdapter::GetAll()
DA:74,1
DA:76,1
DA:77,1
DA:79,0
DA:80,0
DA:81,0
DA:83,1
FN:85,BlabberApp.Domain.Entities.User BlabberApp.DataStore.Adapters.UserAdapter::GetById(System.Guid)
FNDA:0,BlabberApp.Domain.Entities.User BlabberApp.DataStore.Adapters.UserAdapter::GetById(System.Guid)
DA:86,0
DA:88,0
DA:89,0
DA:90,0
DA:92,0
DA:93,0
DA:94,0
DA:96,0
FN:98,BlabberApp.Domain.Entities.User BlabberApp.DataStore.Adapters.UserAdapter::GetByEmail(System.String)
FNDA:2,BlabberApp.Domain.Entities.User BlabberApp.DataStore.Adapters.UserAdapter::GetByEmail(System.String)
DA:99,2
DA:101,2
DA:102,2
DA:103,1
DA:105,1
DA:106,1
DA:107,1
DA:109,1
FN:15,System.Void BlabberApp.DataStore.Adapters.UserAdapter::.ctor(BlabberApp.DataStore.Interfaces.IUserPlugin)
FNDA:4,System.Void BlabberApp.DataStore.Adapters.UserAdapter::.ctor(BlabberApp.DataStore.Interfaces.IUserPlugin)
DA:16,4
DA:17,4
DA:18,4
DA:19,4
LF:60
LH:25
BRF:0
BRH:0
FNF:8
FNH:4
end_of_record
SF:/Users/macuser/Dropbox/School/Weber St/CS 4790/assignment-05-atsweeney/BlabberApp.Domain/Entities/Blab.cs
FN:8,System.Guid BlabberApp.Domain.Entities.Blab::get_Id()
FNDA:0,System.Guid BlabberApp.Domain.Entities.Blab::get_Id()
DA:9,0
FN:10,System.DateTime BlabberApp.Domain.Entities.Blab::get_DTTM()
FNDA:0,System.DateTime BlabberApp.Domain.Entities.Blab::get_DTTM()
DA:11,0
FN:12,System.String BlabberApp.Domain.Entities.Blab::get_Message()
FNDA:0,System.String BlabberApp.Domain.Entities.Blab::get_Message()
DA:13,0
FN:14,BlabberApp.Domain.Entities.User BlabberApp.Domain.Entities.Blab::get_User()
FNDA:0,BlabberApp.Domain.Entities.User BlabberApp.Domain.Entities.Blab::get_User()
DA:15,0
FN:53,System.Boolean BlabberApp.Domain.Entities.Blab::IsValid()
FNDA:0,System.Boolean BlabberApp.Domain.Entities.Blab::IsValid()
DA:54,0
DA:55,0
DA:56,0
DA:57,0
DA:60,0
DA:61,0
DA:62,0
DA:65,0
DA:66,0
DA:67,0
DA:70,0
DA:71,0
DA:72,0
DA:75,0
DA:76,0
BRDA:55,11,0,0
BRDA:55,11,1,0
BRDA:60,40,0,0
BRDA:60,40,1,0
BRDA:65,70,0,0
BRDA:65,70,1,0
BRDA:70,100,0,0
BRDA:70,100,1,0
FN:18,System.Void BlabberApp.Domain.Entities.Blab::.ctor()
FNDA:0,System.Void BlabberApp.Domain.Entities.Blab::.ctor()
DA:19,0
DA:20,0
DA:21,0
DA:22,0
DA:23,0
DA:24,0
DA:25,0
FN:26,System.Void BlabberApp.Domain.Entities.Blab::.ctor(System.String)
FNDA:0,System.Void BlabberApp.Domain.Entities.Blab::.ctor(System.String)
DA:27,0
DA:28,0
DA:29,0
DA:30,0
DA:31,0
DA:32,0
DA:33,0
FN:34,System.Void BlabberApp.Domain.Entities.Blab::.ctor(BlabberApp.Domain.Entities.User)
FNDA:0,System.Void BlabberApp.Domain.Entities.Blab::.ctor(BlabberApp.Domain.Entities.User)
DA:35,0
DA:36,0
DA:37,0
DA:38,0
DA:39,0
DA:40,0
DA:41,0
FN:42,System.Void BlabberApp.Domain.Entities.Blab::.ctor(System.String,BlabberApp.Domain.Entities.User)
FNDA:1,System.Void BlabberApp.Domain.Entities.Blab::.ctor(System.String,BlabberApp.Domain.Entities.User)
DA:43,1
DA:44,1
DA:45,1
DA:46,1
DA:47,1
DA:48,1
DA:49,1
LF:47
LH:7
BRF:8
BRH:0
FNF:9
FNH:1
end_of_record
SF:/Users/macuser/Dropbox/School/Weber St/CS 4790/assignment-05-atsweeney/BlabberApp.Domain/Entities/User.cs
FN:8,System.Guid BlabberApp.Domain.Entities.User::get_Id()
FNDA:0,System.Guid BlabberApp.Domain.Entities.User::get_Id()
DA:9,0
FN:10,System.DateTime BlabberApp.Domain.Entities.User::get_RegisterDTTM()
FNDA:0,System.DateTime BlabberApp.Domain.Entities.User::get_RegisterDTTM()
DA:11,0
FN:12,System.DateTime BlabberApp.Domain.Entities.User::get_LastLoginDTTM()
FNDA:0,System.DateTime BlabberApp.Domain.Entities.User::get_LastLoginDTTM()
DA:13,0
FN:14,System.String BlabberApp.Domain.Entities.User::get_Email()
FNDA:7,System.String BlabberApp.Domain.Entities.User::get_Email()
DA:15,7
FN:32,System.Void BlabberApp.Domain.Entities.User::ChangeEmail(System.String)
FNDA:3,System.Void BlabberApp.Domain.Entities.User::ChangeEmail(System.String)
DA:33,3
DA:34,3
DA:35,0
DA:37,3
DA:38,3
DA:39,3
DA:40,0
DA:41,0
DA:42,0
DA:44,3
DA:45,3
BRDA:34,7,0,3
BRDA:34,7,1,0
BRDA:34,24,0,0
BRDA:34,24,1,3
FN:47,System.Boolean BlabberApp.Domain.Entities.User::IsValid()
FNDA:0,System.Boolean BlabberApp.Domain.Entities.User::IsValid()
DA:48,0
DA:49,0
DA:50,0
DA:51,0
DA:54,0
DA:55,0
DA:56,0
DA:59,0
DA:60,0
DA:61,0
DA:64,0
DA:65,0
DA:66,0
DA:69,0
DA:70,0
DA:71,0
DA:74,0
DA:75,0
BRDA:49,11,0,0
BRDA:49,11,1,0
BRDA:54,31,0,0
BRDA:54,31,1,0
BRDA:59,63,0,0
BRDA:59,63,1,0
BRDA:64,82,0,0
BRDA:64,82,1,0
BRDA:69,103,0,0
BRDA:69,103,1,0
FN:18,System.Void BlabberApp.Domain.Entities.User::.ctor()
FNDA:0,System.Void BlabberApp.Domain.Entities.User::.ctor()
DA:19,0
DA:20,0
DA:21,0
DA:22,0
FN:23,System.Void BlabberApp.Domain.Entities.User::.ctor(System.String)
FNDA:3,System.Void BlabberApp.Domain.Entities.User::.ctor(System.String)
DA:24,3
DA:25,3
DA:26,3
DA:27,3
DA:28,3
LF:42
LH:13
BRF:14
BRH:2
FNF:8
FNH:3
end_of_record